
> @tiqora/desktop@0.0.1 build /Users/thomasailleaume/Perso/timetrackerAgent/apps/desktop
> electron-vite build

vite v6.4.1 building SSR bundle for production...
transforming...
✓ 8 modules transformed.
rendering chunks...
out/main/index.js  18.72 kB
✓ built in 56ms
vite v6.4.1 building SSR bundle for production...
transforming...
✓ 1 modules transformed.
rendering chunks...
out/preload/index.js  1.97 kB
✓ built in 6ms
vite v6.4.1 building for production...
transforming...
✓ 1741 modules transformed.
rendering chunks...
../out/renderer/index.html                   0.39 kB
../out/renderer/assets/index-CACtegjA.css    1.83 kB
../out/renderer/assets/index-DJ2MaNuM.js   718.07 kB
✓ built in 1.10s
